<?xml version="1.0" encoding="UTF-8"?>
<robot generator="Robot 6.0.2 (Python 3.10.6 on linux)" generated="20230324 11:44:50.183" rpa="false" schemaversion="3">
<suite id="s1" name="Atest" source="/home/greg/Programming/Git/test_repository_for_rental_store/atest">
<suite id="s1-s1" name="Rental Store Tests" source="/home/greg/Programming/Git/test_repository_for_rental_store/atest/rental_store_tests.robot">
<test id="s1-s1-t1" name="POST to create a new customer" line="6">
<kw name="POST" library="REST">
<arg>/customers/add</arg>
<tag>http</tag>
<doc>*Sends a POST request to the endpoint.*</doc>
<status status="PASS" starttime="20230324 11:44:50.397" endtime="20230324 11:44:50.407"/>
</kw>
<kw name="Integer" library="REST">
<arg>response status</arg>
<arg>201</arg>
<tag>assertions</tag>
<doc>*Asserts the field as JSON integer.*</doc>
<status status="PASS" starttime="20230324 11:44:50.407" endtime="20230324 11:44:50.410"/>
</kw>
<kw name="Integer" library="REST">
<arg>response body id</arg>
<tag>assertions</tag>
<doc>*Asserts the field as JSON integer.*</doc>
<status status="PASS" starttime="20230324 11:44:50.410" endtime="20230324 11:44:50.411"/>
</kw>
<kw name="Array" library="REST">
<arg>response body rentals</arg>
<tag>assertions</tag>
<doc>*Asserts the field as JSON array.*</doc>
<status status="PASS" starttime="20230324 11:44:50.411" endtime="20230324 11:44:50.412"/>
</kw>
<kw name="Output" library="REST">
<arg>response</arg>
<tag>I/O</tag>
<doc>*Outputs JSON to terminal or a file.*</doc>
<msg timestamp="20230324 11:44:50.413" level="INFO">
{
    "seconds": 0.00614,
    "status": 201,
    "reason": "Created",
    "body": {
        "id": 0,
        "rentals": []
    },
    "headers": {
        "date": "Fri, 24 Mar 2023 10:44:50 GMT",
        "server": "uvicorn",
        "content-length": "21",
        "content-type": "application/json"
    }
}</msg>
<status status="PASS" starttime="20230324 11:44:50.413" endtime="20230324 11:44:50.417"/>
</kw>
<status status="PASS" starttime="20230324 11:44:50.397" endtime="20230324 11:44:50.417"/>
</test>
<test id="s1-s1-t2" name="POST to create a new film" line="13">
<kw name="POST" library="REST">
<arg>/films/add</arg>
<arg>/home/greg/Programming/Git/test_repository_for_rental_store/atest/film_1.json</arg>
<tag>http</tag>
<doc>*Sends a POST request to the endpoint.*</doc>
<status status="PASS" starttime="20230324 11:44:50.418" endtime="20230324 11:44:50.426"/>
</kw>
<kw name="Integer" library="REST">
<arg>response status</arg>
<arg>201</arg>
<tag>assertions</tag>
<doc>*Asserts the field as JSON integer.*</doc>
<status status="PASS" starttime="20230324 11:44:50.427" endtime="20230324 11:44:50.431"/>
</kw>
<kw name="Integer" library="REST">
<arg>response body id</arg>
<tag>assertions</tag>
<doc>*Asserts the field as JSON integer.*</doc>
<status status="PASS" starttime="20230324 11:44:50.432" endtime="20230324 11:44:50.435"/>
</kw>
<kw name="String" library="REST">
<arg>response body title</arg>
<arg>"IT"</arg>
<tag>assertions</tag>
<doc>*Asserts the field as JSON string.*</doc>
<status status="PASS" starttime="20230324 11:44:50.435" endtime="20230324 11:44:50.437"/>
</kw>
<kw name="String" library="REST">
<arg>response body type</arg>
<arg>"Old"</arg>
<tag>assertions</tag>
<doc>*Asserts the field as JSON string.*</doc>
<status status="PASS" starttime="20230324 11:44:50.438" endtime="20230324 11:44:50.445"/>
</kw>
<kw name="Integer" library="REST">
<arg>response body items_total</arg>
<arg>5</arg>
<tag>assertions</tag>
<doc>*Asserts the field as JSON integer.*</doc>
<status status="PASS" starttime="20230324 11:44:50.445" endtime="20230324 11:44:50.451"/>
</kw>
<kw name="Integer" library="REST">
<arg>response body available_items</arg>
<arg>5</arg>
<tag>assertions</tag>
<doc>*Asserts the field as JSON integer.*</doc>
<status status="PASS" starttime="20230324 11:44:50.452" endtime="20230324 11:44:50.456"/>
</kw>
<kw name="Output" library="REST">
<arg>response</arg>
<tag>I/O</tag>
<doc>*Outputs JSON to terminal or a file.*</doc>
<msg timestamp="20230324 11:44:50.456" level="INFO">
{
    "seconds": 0.004431,
    "status": 201,
    "reason": "Created",
    "body": {
        "id": 0,
        "title": "IT",
        "type": "Old",
        "items_total": 5,
        "available_items": 5
    },
    "headers": {
        "date": "Fri, 24 Mar 2023 10:44:50 GMT",
        "server": "uvicorn",
        "content-length": "70",
        "content-type": "application/json"
    }
}</msg>
<status status="PASS" starttime="20230324 11:44:50.456" endtime="20230324 11:44:50.457"/>
</kw>
<status status="PASS" starttime="20230324 11:44:50.418" endtime="20230324 11:44:50.458"/>
</test>
<test id="s1-s1-t3" name="POST to rent film by customer" line="23">
<kw name="POST" library="REST">
<arg>/films/rent</arg>
<arg>/home/greg/Programming/Git/test_repository_for_rental_store/atest/rent_request_1.json</arg>
<tag>http</tag>
<doc>*Sends a POST request to the endpoint.*</doc>
<status status="PASS" starttime="20230324 11:44:50.461" endtime="20230324 11:44:50.475"/>
</kw>
<kw name="Integer" library="REST">
<arg>response status</arg>
<arg>200</arg>
<tag>assertions</tag>
<doc>*Asserts the field as JSON integer.*</doc>
<status status="PASS" starttime="20230324 11:44:50.476" endtime="20230324 11:44:50.483"/>
</kw>
<kw name="Output" library="REST">
<arg>response</arg>
<tag>I/O</tag>
<doc>*Outputs JSON to terminal or a file.*</doc>
<msg timestamp="20230324 11:44:50.486" level="INFO">
{
    "seconds": 0.007382,
    "status": 200,
    "reason": "OK",
    "body": {
        "rented_films": [
            {
                "film_id": 0,
                "charge": 150,
                "currency": "SEK"
            }
        ]
    },
    "headers": {
        "date": "Fri, 24 Mar 2023 10:44:50 GMT",
        "server": "uvicorn",
        "content-length": "62",
        "content-type": "application/json"
    }
}</msg>
<status status="PASS" starttime="20230324 11:44:50.484" endtime="20230324 11:44:50.489"/>
</kw>
<status status="PASS" starttime="20230324 11:44:50.459" endtime="20230324 11:44:50.490"/>
</test>
<status status="PASS" starttime="20230324 11:44:50.200" endtime="20230324 11:44:50.493"/>
</suite>
<status status="PASS" starttime="20230324 11:44:50.184" endtime="20230324 11:44:50.497"/>
</suite>
<statistics>
<total>
<stat pass="3" fail="0" skip="0">All Tests</stat>
</total>
<tag>
</tag>
<suite>
<stat pass="3" fail="0" skip="0" id="s1" name="Atest">Atest</stat>
<stat pass="3" fail="0" skip="0" id="s1-s1" name="Rental Store Tests">Atest.Rental Store Tests</stat>
</suite>
</statistics>
<errors>
</errors>
</robot>
