<?xml version="1.0" encoding="UTF-8"?>
<robot generator="Robot 6.0.2 (Python 3.10.6 on linux)" generated="20230323 13:28:39.885" rpa="false" schemaversion="3">
<suite id="s1" name="Atest" source="/home/greg/Programming/Git/test_repository_for_rental_store/atest">
<suite id="s1-s1" name="Rental Store Tests" source="/home/greg/Programming/Git/test_repository_for_rental_store/atest/rental_store_tests.robot">
<test id="s1-s1-t1" name="POST to create a new user" line="6">
<kw name="POST" library="REST">
<arg>/customers/add</arg>
<tag>http</tag>
<doc>*Sends a POST request to the endpoint.*</doc>
<status status="PASS" starttime="20230323 13:28:40.098" endtime="20230323 13:28:40.105"/>
</kw>
<kw name="Integer" library="REST">
<arg>response status</arg>
<arg>201</arg>
<tag>assertions</tag>
<doc>*Asserts the field as JSON integer.*</doc>
<status status="PASS" starttime="20230323 13:28:40.105" endtime="20230323 13:28:40.110"/>
</kw>
<kw name="Integer" library="REST">
<arg>response body id</arg>
<tag>assertions</tag>
<doc>*Asserts the field as JSON integer.*</doc>
<status status="PASS" starttime="20230323 13:28:40.110" endtime="20230323 13:28:40.113"/>
</kw>
<kw name="Array" library="REST">
<arg>response body rentals</arg>
<tag>assertions</tag>
<doc>*Asserts the field as JSON array.*</doc>
<status status="PASS" starttime="20230323 13:28:40.114" endtime="20230323 13:28:40.119"/>
</kw>
<kw name="Output" library="REST">
<arg>response</arg>
<tag>I/O</tag>
<doc>*Outputs JSON to terminal or a file.*</doc>
<msg timestamp="20230323 13:28:40.120" level="INFO">
{
    "seconds": 0.0026089999999999998,
    "status": 201,
    "reason": "Created",
    "body": {
        "id": 23,
        "rentals": []
    },
    "headers": {
        "date": "Thu, 23 Mar 2023 12:28:39 GMT",
        "server": "uvicorn",
        "content-length": "22",
        "content-type": "application/json"
    }
}</msg>
<status status="PASS" starttime="20230323 13:28:40.120" endtime="20230323 13:28:40.126"/>
</kw>
<status status="PASS" starttime="20230323 13:28:40.097" endtime="20230323 13:28:40.126"/>
</test>
<test id="s1-s1-t2" name="POST to create a new film" line="13">
<kw name="POST" library="REST">
<arg>/films/add</arg>
<arg>/home/greg/Programming/Git/test_repository_for_rental_store/atest/film_1.json</arg>
<tag>http</tag>
<doc>*Sends a POST request to the endpoint.*</doc>
<status status="PASS" starttime="20230323 13:28:40.127" endtime="20230323 13:28:40.136"/>
</kw>
<kw name="Integer" library="REST">
<arg>response status</arg>
<arg>201</arg>
<tag>assertions</tag>
<doc>*Asserts the field as JSON integer.*</doc>
<status status="PASS" starttime="20230323 13:28:40.137" endtime="20230323 13:28:40.139"/>
</kw>
<kw name="Integer" library="REST">
<arg>response body id</arg>
<tag>assertions</tag>
<doc>*Asserts the field as JSON integer.*</doc>
<status status="PASS" starttime="20230323 13:28:40.140" endtime="20230323 13:28:40.142"/>
</kw>
<kw name="String" library="REST">
<arg>response body title</arg>
<arg>"IT"</arg>
<tag>assertions</tag>
<doc>*Asserts the field as JSON string.*</doc>
<status status="PASS" starttime="20230323 13:28:40.143" endtime="20230323 13:28:40.150"/>
</kw>
<kw name="String" library="REST">
<arg>response body type</arg>
<arg>"Old"</arg>
<tag>assertions</tag>
<doc>*Asserts the field as JSON string.*</doc>
<status status="PASS" starttime="20230323 13:28:40.151" endtime="20230323 13:28:40.157"/>
</kw>
<kw name="Integer" library="REST">
<arg>response body items_total</arg>
<arg>5</arg>
<tag>assertions</tag>
<doc>*Asserts the field as JSON integer.*</doc>
<status status="PASS" starttime="20230323 13:28:40.158" endtime="20230323 13:28:40.161"/>
</kw>
<kw name="Integer" library="REST">
<arg>response body available_items</arg>
<arg>5</arg>
<tag>assertions</tag>
<doc>*Asserts the field as JSON integer.*</doc>
<status status="PASS" starttime="20230323 13:28:40.162" endtime="20230323 13:28:40.166"/>
</kw>
<kw name="Output" library="REST">
<arg>response</arg>
<tag>I/O</tag>
<doc>*Outputs JSON to terminal or a file.*</doc>
<msg timestamp="20230323 13:28:40.167" level="INFO">
{
    "seconds": 0.005730000000000001,
    "status": 201,
    "reason": "Created",
    "body": {
        "id": 4,
        "title": "IT",
        "type": "Old",
        "items_total": 5,
        "available_items": 5
    },
    "headers": {
        "date": "Thu, 23 Mar 2023 12:28:39 GMT",
        "server": "uvicorn",
        "content-length": "70",
        "content-type": "application/json"
    }
}</msg>
<status status="PASS" starttime="20230323 13:28:40.166" endtime="20230323 13:28:40.169"/>
</kw>
<status status="PASS" starttime="20230323 13:28:40.126" endtime="20230323 13:28:40.170"/>
</test>
<status status="PASS" starttime="20230323 13:28:39.902" endtime="20230323 13:28:40.173"/>
</suite>
<status status="PASS" starttime="20230323 13:28:39.886" endtime="20230323 13:28:40.177"/>
</suite>
<statistics>
<total>
<stat pass="2" fail="0" skip="0">All Tests</stat>
</total>
<tag>
</tag>
<suite>
<stat pass="2" fail="0" skip="0" id="s1" name="Atest">Atest</stat>
<stat pass="2" fail="0" skip="0" id="s1-s1" name="Rental Store Tests">Atest.Rental Store Tests</stat>
</suite>
</statistics>
<errors>
</errors>
</robot>
